<?xml version="1.0" encoding="UTF-8"?>
<!-- Generated by org.testng.reporters.JUnitReportReporter -->
<testsuite hostname="LAPTOP-RS37ERBD" failures="0" tests="1" name="test.ZerodhaLoginPageTest" time="5.717" errors="0" timestamp="2022-06-30T19:53:44 IST" skipped="0">
  <testcase classname="test.ZerodhaLoginPageTest" name="LoginTest" time="5.717"/>
  <system-out/>
</testsuite> <!-- test.ZerodhaLoginPageTest -->
