<?xml version="1.0" encoding="UTF-8"?>
<!-- Generated by org.testng.reporters.JUnitReportReporter -->
<testsuite hostname="LAPTOP-RS37ERBD" failures="0" tests="1" name="test.ZerothaSignUpPageTest" time="90.006" errors="0" timestamp="2022-06-27T22:20:42 IST" skipped="0">
  <testcase classname="test.ZerothaSignUpPageTest" name="SignUpTest" time="90.006"/>
  <system-out/>
</testsuite> <!-- test.ZerothaSignUpPageTest -->
